<html>
<body>
<pre>
<h1>Vision Build Log</h1>
<h2>Project:</h2>
D:\BaiduYunDownload\STM32F103C8T6最小系统版资料\STM32F103C8T6例程\基本例程―SysTick（系统滴答定时器）操作\SysTick（系统滴答定时器）操作\USER\STM32-DEMO.uvproj
Project File Date:  03/01/2013

<h2>Output:</h2>
*** Note: 'Create Batch File' is active - using 'Rebuild'.
Rebuild target 'SysTick-DEMO'
assembling startup_stm32f10x_hd.s...
compiling main.c...
compiling stm32f10x_it.c...
compiling SysTick.c...
compiling led.c...
compiling stm32f10x_gpio.c...
compiling stm32f10x_rcc.c...
compiling core_cm3.c...
compiling system_stm32f10x.c...
linking...
Program Size: Code=2500 RO-data=356 RW-data=24 ZI-data=512  
FromELF: creating hex file...
".\STM32-DEMO.axf" - 0 Errors, 0 Warning(s).
*** Note: 'Create Batch File' is active - using 'Rebuild'.
Rebuild target 'SysTick-DEMO'
assembling startup_stm32f10x_hd.s...
compiling main.c...
main.c(31): error:  #29: expected an expression
main.c(34): error:  #29: expected an expression
compiling stm32f10x_it.c...
compiling SysTick.c...
compiling led.c...
compiling stm32f10x_gpio.c...
compiling stm32f10x_rcc.c...
compiling core_cm3.c...
compiling system_stm32f10x.c...
".\STM32-DEMO.axf" - 2 Errors, 0 Warning(s).
Target not created
Rebuild target 'SysTick-DEMO'
assembling startup_stm32f10x_hd.s...
compiling main.c...
main.c(31): error:  #29: expected an expression
main.c(34): error:  #29: expected an expression
compiling stm32f10x_it.c...
compiling SysTick.c...
compiling led.c...
compiling stm32f10x_gpio.c...
compiling stm32f10x_rcc.c...
compiling core_cm3.c...
compiling system_stm32f10x.c...
".\STM32-DEMO.axf" - 2 Errors, 0 Warning(s).
Target not created
Rebuild target 'SysTick-DEMO'
assembling startup_stm32f10x_hd.s...
compiling main.c...
main.c(31): error:  #29: expected an expression
main.c(34): error:  #29: expected an expression
compiling stm32f10x_it.c...
compiling SysTick.c...
compiling led.c...
compiling stm32f10x_gpio.c...
compiling stm32f10x_rcc.c...
compiling core_cm3.c...
compiling system_stm32f10x.c...
".\STM32-DEMO.axf" - 2 Errors, 0 Warning(s).
Target not created
*** Note: 'Create Batch File' is active - using 'Rebuild'.
Rebuild target 'SysTick-DEMO'
assembling startup_stm32f10x_hd.s...
compiling main.c...
main.c(31): error:  #29: expected an expression
main.c(34): error:  #29: expected an expression
compiling stm32f10x_it.c...
compiling SysTick.c...
compiling led.c...
compiling stm32f10x_gpio.c...
compiling stm32f10x_rcc.c...
compiling core_cm3.c...
compiling system_stm32f10x.c...
".\STM32-DEMO.axf" - 2 Errors, 0 Warning(s).
Target not created
*** Note: 'Create Batch File' is active - using 'Rebuild'.
Rebuild target 'SysTick-DEMO'
assembling startup_stm32f10x_hd.s...
compiling main.c...
main.c(31): error:  #29: expected an expression
main.c(34): error:  #29: expected an expression
compiling stm32f10x_it.c...
compiling SysTick.c...
compiling led.c...
compiling stm32f10x_gpio.c...
compiling stm32f10x_rcc.c...
compiling core_cm3.c...
compiling system_stm32f10x.c...
".\STM32-DEMO.axf" - 2 Errors, 0 Warning(s).
Target not created
*** Note: 'Create Batch File' is active - using 'Rebuild'.
Rebuild target 'SysTick-DEMO'
assembling startup_stm32f10x_hd.s...
compiling main.c...
compiling stm32f10x_it.c...
compiling SysTick.c...
compiling led.c...
compiling stm32f10x_gpio.c...
compiling stm32f10x_rcc.c...
compiling core_cm3.c...
compiling system_stm32f10x.c...
linking...
Program Size: Code=2480 RO-data=356 RW-data=24 ZI-data=512  
FromELF: creating hex file...
".\STM32-DEMO.axf" - 0 Errors, 0 Warning(s).
Load "D:\\BaiduYunDownload\\STM32F103C8T6最小系统版资料\\STM32F103C8T6例程\\基本例程―SysTick（系统滴答定时器）操作\\SysTick（系统滴答定时器）操作\\USER\\STM32-DEMO.axf" 
Full Chip Erase Done.
Programming Done.
Verify OK.
